file /home/ling/githubs/hybrid-memory-simulator/qemu/SConfigure,line 430:
	Configure(confdir = .sconf_temp)
scons: Configure: Checking whether the C++ compiler works... 
.sconf_temp/conftest_0.cpp <-
  |
  |int main()
  |{
  |    return 0;
  |}
  |
[94mCompiling [95m:: [93m.sconf_temp/conftest_0.cpp ==> .sconf_temp/conftest_0.o[0m
scons: Configure: yes

.sconf_temp/conftest_1.cpp <-
  |
  |int main(void) {return 0;}
  |
[94mCompiling [95m:: [93m.sconf_temp/conftest_1.cpp ==> .sconf_temp/conftest_1.o[0m
[91mLinking Program [95m==> [93m.sconf_temp/conftest_1[0m
.sconf_temp/conftest_2.cpp <-
  |
  |    #if !defined(__i386__)
  |    #error Not Define
  |    #endif
  |    int main(void) { return 0; }
  |    
[94mCompiling [95m:: [93m.sconf_temp/conftest_2.cpp ==> .sconf_temp/conftest_2.o[0m
.sconf_temp/conftest_2.cpp:3:6: error: #error Not Define
     #error Not Define
      ^~~~~
scons: Configure: no

.sconf_temp/conftest_3.cpp <-
  |
  |    #if !defined(__x86_64__)
  |    #error Not Define
  |    #endif
  |    int main(void) { return 0; }
  |    
[94mCompiling [95m:: [93m.sconf_temp/conftest_3.cpp ==> .sconf_temp/conftest_3.o[0m
[91mLinking Program [95m==> [93m.sconf_temp/conftest_3[0m
scons: Configure: yes

.sconf_temp/conftest_4.cpp <-
  |
  |    #if !defined(__linux__)
  |    #error Not Define
  |    #endif
  |    int main(void) { return 0; }
  |    
[94mCompiling [95m:: [93m.sconf_temp/conftest_4.cpp ==> .sconf_temp/conftest_4.o[0m
[91mLinking Program [95m==> [93m.sconf_temp/conftest_4[0m
scons: Configure: yes

.sconf_temp/conftest_5.cpp <-
  |
  |    #include <sched.h>
  |    #include <linux/futex.h>
  |    void foo() {
  |    #if !defined(CLONE_SETTLS) || !defined(FUTEX_WAIT)
  |    #error bork
  |    #endif
  |    }
  |    
[94mCompiling [95m:: [93m.sconf_temp/conftest_5.cpp ==> .sconf_temp/conftest_5.o[0m
[91mLinking Program [95m==> [93m.sconf_temp/conftest_5[0m
/usr/lib/gcc/x86_64-linux-gnu/7/../../../x86_64-linux-gnu/Scrt1.o: In function `_start':
(.text+0x20): undefined reference to `main'
collect2: error: ld returned 1 exit status
scons: Configure: no

scons: Configure: Checking for C library z... 
.sconf_temp/conftest_6.c <-
  |
  |
  |#include "zlib.h"
  |
  |int
  |main() {
  |  
  |return 0;
  |}
  |
[94mCompiling [95m:: [93m.sconf_temp/conftest_6.c ==> .sconf_temp/conftest_6.o[0m
[91mLinking Program [95m==> [93m.sconf_temp/conftest_6[0m
scons: Configure: yes

.sconf_temp/conftest_7.cpp <-
  |
  |    #include <SDL.h>
  |    #if defined(SDL_VIDEO_DRIVER_X11)
  |    #include <X11/XKBlib.h>
  |    #else
  |    #error No X11 support
  |    #endif
  |    int main(void) {return 0;}
  |    
[94mCompiling [95m:: [93m.sconf_temp/conftest_7.cpp ==> .sconf_temp/conftest_7.o[0m
[91mLinking Program [95m==> [93m.sconf_temp/conftest_7[0m
scons: Configure: yes

scons: Configure: Checking for C library X11... 
.sconf_temp/conftest_8.c <-
  |
  |
  |
  |int
  |main() {
  |  
  |return 0;
  |}
  |
[94mCompiling [95m:: [93m.sconf_temp/conftest_8.c ==> .sconf_temp/conftest_8.o[0m
[91mLinking Program [95m==> [93m.sconf_temp/conftest_8[0m
scons: Configure: yes

.sconf_temp/conftest_9.cpp <-
  |
  |    #include <fnmatch.h>
  |    int main(void)
  |    {
  |        fnmatch("foo", "foo", 0);
  |        return 0;
  |    }
  |    
[94mCompiling [95m:: [93m.sconf_temp/conftest_9.cpp ==> .sconf_temp/conftest_9.o[0m
[91mLinking Program [95m==> [93m.sconf_temp/conftest_9[0m
.sconf_temp/conftest_9 > .sconf_temp/conftest_9.out
scons: Configure: yes

scons: Configure: Checking for C library vdeplug... 
.sconf_temp/conftest_10.c <-
  |
  |
  |
  |int
  |main() {
  |  
  |return 0;
  |}
  |
[94mCompiling [95m:: [93m.sconf_temp/conftest_10.c ==> .sconf_temp/conftest_10.o[0m
[91mLinking Program [95m==> [93m.sconf_temp/conftest_10[0m
/usr/bin/ld: cannot find -lvdeplug
collect2: error: ld returned 1 exit status
scons: Configure: no

.sconf_temp/conftest_11.cpp <-
  |
  |    #include <brlapi.h>
  |    int main(void) { return brlapi_openConnection(NULL, NULL, NULL); }
  |    
[94mCompiling [95m:: [93m.sconf_temp/conftest_11.cpp ==> .sconf_temp/conftest_11.o[0m
.sconf_temp/conftest_11.cpp:2:14: fatal error: brlapi.h: No such file or directory
     #include <brlapi.h>
              ^~~~~~~~~~
compilation terminated.
scons: Configure: no

scons: Configure: Checking for C library curses... 
.sconf_temp/conftest_12.c <-
  |
  |
  |#include "curses.h"
  |
  |int
  |main() {
  |  
  |return 0;
  |}
  |
[94mCompiling [95m:: [93m.sconf_temp/conftest_12.c ==> .sconf_temp/conftest_12.o[0m
.sconf_temp/conftest_12.c:3:10: fatal error: curses.h: No such file or directory
 #include "curses.h"
          ^~~~~~~~~~
compilation terminated.
scons: Configure: no

scons: Configure: Checking for C library pthread... 
.sconf_temp/conftest_13.c <-
  |
  |
  |#include "pthread.h"
  |
  |int
  |main() {
  |  
  |return 0;
  |}
  |
[94mCompiling [95m:: [93m.sconf_temp/conftest_13.c ==> .sconf_temp/conftest_13.o[0m
[91mLinking Program [95m==> [93m.sconf_temp/conftest_13[0m
scons: Configure: yes

.sconf_temp/conftest_14.cpp <-
  |
  |    #include <sys/types.h>
  |    #include <sys/uio.h>
  |    #include <unistd.h>
  |    int main(void) { struct iovec iov; return 0; }
  |    
[94mCompiling [95m:: [93m.sconf_temp/conftest_14.cpp ==> .sconf_temp/conftest_14.o[0m
[91mLinking Program [95m==> [93m.sconf_temp/conftest_14[0m
scons: Configure: yes

scons: Configure: Checking for C library fdt... 
.sconf_temp/conftest_15.c <-
  |
  |
  |
  |int
  |main() {
  |  
  |return 0;
  |}
  |
[94mCompiling [95m:: [93m.sconf_temp/conftest_15.c ==> .sconf_temp/conftest_15.o[0m
[91mLinking Program [95m==> [93m.sconf_temp/conftest_15[0m
/usr/bin/ld: cannot find -lfdt
collect2: error: ld returned 1 exit status
scons: Configure: no

.sconf_temp/conftest_16.cpp <-
  |
  |    #include <sys/types.h>
  |    #include <sys/uio.h>
  |    #include <unistd.h>
  |    int main(void) { preadv; }
  |    
[94mCompiling [95m:: [93m.sconf_temp/conftest_16.cpp ==> .sconf_temp/conftest_16.o[0m
[91mLinking Program [95m==> [93m.sconf_temp/conftest_16[0m
scons: Configure: yes

.sconf_temp/conftest_17.cpp <-
  |
  |    #define _ATFILE_SOURCE
  |    #include <sys/types.h>
  |    #include <fcntl.h>
  |    #include <unistd.h>
  |
  |    int
  |    main(void)
  |    {
  |        /* try to unlink nonexisting file */
  |        return (unlinkat(AT_FDCWD, "nonexistent_file", 0));
  |    }
  |    
[94mCompiling [95m:: [93m.sconf_temp/conftest_17.cpp ==> .sconf_temp/conftest_17.o[0m
[91mLinking Program [95m==> [93m.sconf_temp/conftest_17[0m
scons: Configure: yes

.sconf_temp/conftest_18.cpp <-
  |
  |    #include <sys/inotify.h>
  |
  |    int
  |    main(void)
  |    {
  |        /* try to start inotify */
  |        return inotify_init();
  |    }
  |    
[94mCompiling [95m:: [93m.sconf_temp/conftest_18.cpp ==> .sconf_temp/conftest_18.o[0m
[91mLinking Program [95m==> [93m.sconf_temp/conftest_18[0m
scons: Configure: yes

.sconf_temp/conftest_19.cpp <-
  |
  |    #define _ATFILE_SOURCE
  |    #include <stddef.h>
  |    #include <fcntl.h>
  |
  |    int main(void)
  |    {
  |        utimensat(AT_FDCWD, "foo", NULL, 0);
  |        futimens(0, NULL);
  |        return 0;
  |    }
  |    
[94mCompiling [95m:: [93m.sconf_temp/conftest_19.cpp ==> .sconf_temp/conftest_19.o[0m
.sconf_temp/conftest_19.cpp: In function ‘int main()’:
.sconf_temp/conftest_19.cpp:8:9: error: ‘utimensat’ was not declared in this scope
         utimensat(AT_FDCWD, "foo", NULL, 0);
         ^~~~~~~~~
.sconf_temp/conftest_19.cpp:9:9: error: ‘futimens’ was not declared in this scope
         futimens(0, NULL);
         ^~~~~~~~
.sconf_temp/conftest_19.cpp:9:9: note: suggested alternative: ‘__time_t’
         futimens(0, NULL);
         ^~~~~~~~
         __time_t
scons: Configure: no

.sconf_temp/conftest_20.cpp <-
  |
  |    #define _GNU_SOURCE
  |    #include <unistd.h>
  |    #include <fcntl.h>
  |
  |    int main(void)
  |    {
  |        int pipefd[2];
  |        pipe2(pipefd, O_CLOEXEC);
  |        return 0;
  |    }
  |    
[94mCompiling [95m:: [93m.sconf_temp/conftest_20.cpp ==> .sconf_temp/conftest_20.o[0m
.sconf_temp/conftest_20.cpp:2:0: warning: "_GNU_SOURCE" redefined
     #define _GNU_SOURCE
 
<command-line>:0:0: note: this is the location of the previous definition
[91mLinking Program [95m==> [93m.sconf_temp/conftest_20[0m
scons: Configure: yes

.sconf_temp/conftest_21.cpp <-
  |
  |    #define _GNU_SOURCE
  |    #include <sys/socket.h>
  |    #include <stddef.h>
  |
  |    int main(void)
  |    {
  |        accept4(0, NULL, NULL, SOCK_CLOEXEC);
  |        return 0;
  |    }
  |    
[94mCompiling [95m:: [93m.sconf_temp/conftest_21.cpp ==> .sconf_temp/conftest_21.o[0m
.sconf_temp/conftest_21.cpp:2:0: warning: "_GNU_SOURCE" redefined
     #define _GNU_SOURCE
 
<command-line>:0:0: note: this is the location of the previous definition
[91mLinking Program [95m==> [93m.sconf_temp/conftest_21[0m
scons: Configure: yes

.sconf_temp/conftest_22.cpp <-
  |
  |    #define _GNU_SOURCE
  |    #include <unistd.h>
  |    #include <fcntl.h>
  |    #include <limits.h>
  |
  |    int main(void)
  |    {
  |        int len, fd;
  |        len = tee(STDIN_FILENO, STDOUT_FILENO, INT_MAX, SPLICE_F_NONBLOCK);
  |        splice(STDIN_FILENO, NULL, fd, NULL, len, SPLICE_F_MOVE);
  |        return 0;
  |    }
  |    
[94mCompiling [95m:: [93m.sconf_temp/conftest_22.cpp ==> .sconf_temp/conftest_22.o[0m
.sconf_temp/conftest_22.cpp:2:0: warning: "_GNU_SOURCE" redefined
     #define _GNU_SOURCE
 
<command-line>:0:0: note: this is the location of the previous definition
[91mLinking Program [95m==> [93m.sconf_temp/conftest_22[0m
scons: Configure: yes

.sconf_temp/conftest_23.cpp <-
  |
  |    #include <sys/eventfd.h>
  |    int main(void)
  |    {
  |        int efd = eventfd(0, 0);
  |        return 0;
  |    }
  |    
[94mCompiling [95m:: [93m.sconf_temp/conftest_23.cpp ==> .sconf_temp/conftest_23.o[0m
[91mLinking Program [95m==> [93m.sconf_temp/conftest_23[0m
scons: Configure: yes

.sconf_temp/conftest_24.cpp <-
  |
  |    #include <fcntl.h>
  |
  |    int main(void)
  |    {
  |        fallocate(0, 0, 0, 0);
  |        return 0;
  |    }
  |    
[94mCompiling [95m:: [93m.sconf_temp/conftest_24.cpp ==> .sconf_temp/conftest_24.o[0m
[91mLinking Program [95m==> [93m.sconf_temp/conftest_24[0m
scons: Configure: yes

.sconf_temp/conftest_25.cpp <-
  |
  |    #include <unistd.h>
  |    int main(void)
  |    {
  |        dup3(0, 0, 0);
  |        return 0;
  |    }
  |    
[94mCompiling [95m:: [93m.sconf_temp/conftest_25.cpp ==> .sconf_temp/conftest_25.o[0m
[91mLinking Program [95m==> [93m.sconf_temp/conftest_25[0m
scons: Configure: yes

scons: Configure: Checking for C header file signal.h... 
.sconf_temp/conftest_26.c <-
  |
  |#include "signal.h"
  |
  |
[94mCompiling [95m:: [93m.sconf_temp/conftest_26.c ==> .sconf_temp/conftest_26.o[0m
scons: Configure: yes

scons: Configure: Checking for C header file time.h... 
.sconf_temp/conftest_27.c <-
  |
  |#include "time.h"
  |
  |
[94mCompiling [95m:: [93m.sconf_temp/conftest_27.c ==> .sconf_temp/conftest_27.o[0m
scons: Configure: yes

scons: Configure: Checking for C library rt... 
.sconf_temp/conftest_28.c <-
  |
  |
  |
  |int
  |main() {
  |  
  |return 0;
  |}
  |
[94mCompiling [95m:: [93m.sconf_temp/conftest_28.c ==> .sconf_temp/conftest_28.o[0m
[91mLinking Program [95m==> [93m.sconf_temp/conftest_28[0m
scons: Configure: yes

scons: Configure: Checking for C function fdatasync()... 
.sconf_temp/conftest_29.c <-
  |
  |
  |#include <assert.h>
  |
  |#ifdef __cplusplus
  |extern "C"
  |#endif
  |char fdatasync();
  |
  |int main() {
  |#if defined (__stub_fdatasync) || defined (__stub___fdatasync)
  |  fail fail fail
  |#else
  |  fdatasync();
  |#endif
  |
  |  return 0;
  |}
  |
[94mCompiling [95m:: [93m.sconf_temp/conftest_29.c ==> .sconf_temp/conftest_29.o[0m
[91mLinking Program [95m==> [93m.sconf_temp/conftest_29[0m
scons: Configure: yes

.sconf_temp/conftest_30.cpp <-
  |
  |    #include <linux/kvm.h>
  |    #if !defined(KVM_API_VERSION) || KVM_API_VERSION < 12 || KVM_API_VERSION > 12
  |    #error Invalid KVM Version
  |    #endif
  |    int main() { return 0;}
  |    
[94mCompiling [95m:: [93m.sconf_temp/conftest_30.cpp ==> .sconf_temp/conftest_30.o[0m
[91mLinking Program [95m==> [93m.sconf_temp/conftest_30[0m
.sconf_temp/conftest_30 > .sconf_temp/conftest_30.out
scons: Configure: yes

.sconf_temp/conftest_31.cpp <-
  |
  |    #include <fcntl.h>
  |
  |    int main(void)
  |    {
  |        sync_file_range(0, 0, 0, 0);
  |        return 0;
  |    }
  |    
[94mCompiling [95m:: [93m.sconf_temp/conftest_31.cpp ==> .sconf_temp/conftest_31.o[0m
[91mLinking Program [95m==> [93m.sconf_temp/conftest_31[0m
scons: Configure: yes

.sconf_temp/conftest_32.cpp <-
  |
  |    #include <sys/ioctl.h>
  |    #include <linux/fs.h>
  |    #include <linux/fiemap.h>
  |
  |    int main(void)
  |    {
  |        ioctl(0, FS_IOC_FIEMAP, 0);
  |        return 0;
  |    }
  |    
[94mCompiling [95m:: [93m.sconf_temp/conftest_32.cpp ==> .sconf_temp/conftest_32.o[0m
[91mLinking Program [95m==> [93m.sconf_temp/conftest_32[0m
scons: Configure: yes

.sconf_temp/conftest_33.cpp <-
  |
  |    #include <sys/inotify.h>
  |
  |    int
  |    main(void)
  |    {
  |        /* try to start inotify */
  |        return inotify_init1(0);
  |    }
  |    
[94mCompiling [95m:: [93m.sconf_temp/conftest_33.cpp ==> .sconf_temp/conftest_33.o[0m
[91mLinking Program [95m==> [93m.sconf_temp/conftest_33[0m
scons: Configure: yes

scons: Configure: Checking for C library attr... 
.sconf_temp/conftest_34.c <-
  |
  |
  |#include "attr/xattr.h"
  |
  |int
  |main() {
  |  
  |return 0;
  |}
  |
[94mCompiling [95m:: [93m.sconf_temp/conftest_34.c ==> .sconf_temp/conftest_34.o[0m
In file included from .sconf_temp/conftest_34.c:3:0:
/usr/include/attr/xattr.h:37:30: error: ‘size_t’ has not been declared
         const void *__value, size_t __size, int __flags) __THROW;
                              ^~~~~~
/usr/include/attr/xattr.h:39:30: error: ‘size_t’ has not been declared
         const void *__value, size_t __size, int __flags) __THROW;
                              ^~~~~~
/usr/include/attr/xattr.h:41:30: error: ‘size_t’ has not been declared
         const void *__value, size_t __size, int __flags) __THROW;
                              ^~~~~~
/usr/include/attr/xattr.h:43:8: error: ‘ssize_t’ does not name a type
 extern ssize_t getxattr (const char *__path, const char *__name,
        ^~~~~~~
/usr/include/attr/xattr.h:45:8: error: ‘ssize_t’ does not name a type
 extern ssize_t lgetxattr (const char *__path, const char *__name,
        ^~~~~~~
/usr/include/attr/xattr.h:47:8: error: ‘ssize_t’ does not name a type
 extern ssize_t fgetxattr (int __filedes, const char *__name,
        ^~~~~~~
/usr/include/attr/xattr.h:50:8: error: ‘ssize_t’ does not name a type
 extern ssize_t listxattr (const char *__path, char *__list,
        ^~~~~~~
/usr/include/attr/xattr.h:52:8: error: ‘ssize_t’ does not name a type
 extern ssize_t llistxattr (const char *__path, char *__list,
        ^~~~~~~
/usr/include/attr/xattr.h:54:8: error: ‘ssize_t’ does not name a type
 extern ssize_t flistxattr (int __filedes, char *__list,
        ^~~~~~~
scons: Configure: no

.sconf_temp/conftest_35.cpp <-
  |
  |    #define _GNU_SOURCE
  |    #include <unistd.h>
  |    #include <sys/syscall.h>
  |    #include <signal.h>
  |    int main(void) { return syscall(SYS_signalfd, -1, NULL, _NSIG / 8); }
  |    
[94mCompiling [95m:: [93m.sconf_temp/conftest_35.cpp ==> .sconf_temp/conftest_35.o[0m
.sconf_temp/conftest_35.cpp:2:0: warning: "_GNU_SOURCE" redefined
     #define _GNU_SOURCE
 
<command-line>:0:0: note: this is the location of the previous definition
[91mLinking Program [95m==> [93m.sconf_temp/conftest_35[0m
scons: Configure: yes

.sconf_temp/conftest_36.cpp <-
  |
  |    #include <sys/types.h>
  |    #include <sys/mman.h>
  |    #include <stddef.h>
  |    int main(void) { return madvise(NULL, 0, MADV_DONTNEED); }
  |    
[94mCompiling [95m:: [93m.sconf_temp/conftest_36.cpp ==> .sconf_temp/conftest_36.o[0m
[91mLinking Program [95m==> [93m.sconf_temp/conftest_36[0m
scons: Configure: yes

.sconf_temp/conftest_37.cpp <-
  |
  |    #include <sys/mman.h>
  |    #include <stddef.h>
  |    int main(void) { return posix_madvise(NULL, 0, POSIX_MADV_DONTNEED); }
  |    
[94mCompiling [95m:: [93m.sconf_temp/conftest_37.cpp ==> .sconf_temp/conftest_37.o[0m
[91mLinking Program [95m==> [93m.sconf_temp/conftest_37[0m
scons: Configure: yes

scons: Configure: Checking for C library sasl... 
.sconf_temp/conftest_38.c <-
  |
  |
  |#include "sasl.h"
  |
  |int
  |main() {
  |  
  |return 0;
  |}
  |
[94mCompiling [95m:: [93m.sconf_temp/conftest_38.c ==> .sconf_temp/conftest_38.o[0m
.sconf_temp/conftest_38.c:3:10: fatal error: sasl.h: No such file or directory
 #include "sasl.h"
          ^~~~~~~~
compilation terminated.
scons: Configure: no

scons: Configure: Checking for C header file byteswap.h... 
.sconf_temp/conftest_39.c <-
  |
  |#include "byteswap.h"
  |
  |
[94mCompiling [95m:: [93m.sconf_temp/conftest_39.c ==> .sconf_temp/conftest_39.o[0m
scons: Configure: yes

scons: Configure: Checking for C header file machine/bswap.h... 
.sconf_temp/conftest_40.c <-
  |
  |#include "machine/bswap.h"
  |
  |
[94mCompiling [95m:: [93m.sconf_temp/conftest_40.c ==> .sconf_temp/conftest_40.o[0m
.sconf_temp/conftest_40.c:2:10: fatal error: machine/bswap.h: No such file or directory
 #include "machine/bswap.h"
          ^~~~~~~~~~~~~~~~~
compilation terminated.
scons: Configure: no

