//  
//  MARSS: Cycle Accurate Systems simulator for x86
//  Copyright 1999-2007 Matt T. Yourst <yourst@yourst.com>
//  Copyright 2009-2011 Avadh Patel <avadh4all@gmail.com>
// 
//  Git branch 'master' on date Thu Jul 30 03:20:58 2020 (HEAD: 221564)
//  Built Jul 31 2020 06:18:34 on BUILDHOST using gcc-7.5
//  With 2 simulated cores
//  Running on ubuntu.(none)
//  

Active parameters:
  -help         disabled
  -run          enabled
  -stop         disabled
  -kill         disabled
  -flush        disabled
  -quiet        disabled
  -logfile      ptlsim.log
  -loglevel     0
  -startlog     0
  -startlogrip  18446744073709551615
  -consolelog   disabled
  -logbufsize   524288
  -logfilesize  67108864
  -dump-state-now disabled
  -screenshot   
  -log-user-only disabled
  -dump-config-file 
  -logMemory    disabled
  -nvmain_config_path /home/ling/hybrid-memory-simulator/nvmain/Config/2D_DRAM.config
  -stats        test.stats
  -yamlstats    test.stats
  -stats-format yaml
  -snapshot-cycles infinity
  -snapshot-now 
  -time-stats-logfile 
  -time-stats-period 10000
  -startrip     18446744073709551615
  -fast-fwd-insns 0
  -fast-fwd-user-insns 0
  -fast-fwd-checkpoint 
  -stopinsns    1 M
  -stopcycle    infinity
  -stopiter     infinity
  -stoprip      18446744073709551615
  -stop-at-marker infinity
  -stop-at-marker-hits infinity
  -stopinsns-rel infinity
  -bbinsns      65536
  -flushevery   infinity
  -kill-after-run disabled
  -event-record 
  -event-record-stop disabled
  -event-replay 
  -corefreq     0
  -enable-checker disabled
  -checker-startrip 18446744073709551615
  -perfect-cache disabled
  -dumpcode     test.dat
  -dump-at-end  disabled
  -bbdump       
  -verify-cache disabled
  -machine      nvmain_test_shared_l3
  -enable-mongo disabled
  -mongo-server 127.0.0.1
  -mongo-port   27017
  -bench-name   
  -tags         
  -run-tests    disabled
  -execute-after-kill 
  -sync         0
  -simpoint     
  -simpoint-interval 10 M
  -simpoint-chk-name simpoint
Configuration changed: Active parameters:
  -help         disabled
  -run          enabled
  -stop         disabled
  -kill         disabled
  -flush        disabled
  -quiet        disabled
  -logfile      ptlsim.log
  -loglevel     0
  -startlog     0
  -startlogrip  18446744073709551615
  -consolelog   disabled
  -logbufsize   524288
  -logfilesize  67108864
  -dump-state-now disabled
  -screenshot   
  -log-user-only disabled
  -dump-config-file 
  -logMemory    disabled
  -nvmain_config_path /home/ling/hybrid-memory-simulator/nvmain/Config/2D_DRAM.config
  -stats        test.stats
  -yamlstats    test.stats
  -stats-format yaml
  -snapshot-cycles infinity
  -snapshot-now 
  -time-stats-logfile 
  -time-stats-period 10000
  -startrip     18446744073709551615
  -fast-fwd-insns 0
  -fast-fwd-user-insns 0
  -fast-fwd-checkpoint 
  -stopinsns    1 M
  -stopcycle    infinity
  -stopiter     infinity
  -stoprip      18446744073709551615
  -stop-at-marker infinity
  -stop-at-marker-hits infinity
  -stopinsns-rel infinity
  -bbinsns      65536
  -flushevery   infinity
  -kill-after-run disabled
  -event-record 
  -event-record-stop disabled
  -event-replay 
  -corefreq     2592 M
  -enable-checker disabled
  -checker-startrip 18446744073709551615
  -perfect-cache disabled
  -dumpcode     test.dat
  -dump-at-end  disabled
  -bbdump       
  -verify-cache disabled
  -machine      nvmain_test_shared_l3
  -enable-mongo disabled
  -mongo-server 127.0.0.1
  -mongo-port   27017
  -bench-name   
  -tags         
  -run-tests    disabled
  -execute-after-kill 
  -sync         0
  -simpoint     
  -simpoint-interval 10 M
  -simpoint-chk-name simpoint

Initializing core 'base'
ooo_ooo_#
# Simulated Machine Configuration
#
---
machine:
  name: nvmain_test_shared_l3
  cpu_contexts: 2
  freq: 2592000000
  ooo_0_0:
    type: core
    threads: 1
    iq_size: 64
    phys_reg_files: 4
    phys_reg_file_int_size: 256
    phys_reg_file_fp_size: 256
    phys_reg_file_st_size: 48
    phys_reg_file_br_size: 24
    fetch_q_size: 48
    frontend_stages: 4
    itlb_size: 32
    dtlb_size: 32
    total_FUs: 8
    int_FUs: 2
    fp_FUs: 2
    ld_FUs: 2
    st_FUs: 2
    frontend_width: 4
    dispatch_width: 4
    issue_width: 4
    writeback_width: 4
    commit_width: 4
    max_branch_in_flight: 24
    per_thread:
      rob_size: 128
      lsq_size: 96
  ooo_1_1:
    type: core
    threads: 1
    iq_size: 64
    phys_reg_files: 4
    phys_reg_file_int_size: 256
    phys_reg_file_fp_size: 256
    phys_reg_file_st_size: 48
    phys_reg_file_br_size: 24
    fetch_q_size: 48
    frontend_stages: 4
    itlb_size: 32
    dtlb_size: 32
    total_FUs: 8
    int_FUs: 2
    fp_FUs: 2
    ld_FUs: 2
    st_FUs: 2
    frontend_width: 4
    dispatch_width: 4
    issue_width: 4
    writeback_width: 4
    commit_width: 4
    max_branch_in_flight: 24
    per_thread:
      rob_size: 128
      lsq_size: 96
  core_0_cont:
  # This is a software related structure which has no relevence to any hardware module.
    type: core_controller
    pending_queue_size: 128
    icache_buffer_size: 32
  core_1_cont:
  # This is a software related structure which has no relevence to any hardware module.
    type: core_controller
    pending_queue_size: 128
    icache_buffer_size: 32
  L1_I_0:
    type: cache
    size: 32768
    sets: 256
    ways: 2
    line_size: 64
    latency: 2
    pending_queue_size: 256
    coherence: MOESI
  L1_I_1:
    type: cache
    size: 32768
    sets: 256
    ways: 2
    line_size: 64
    latency: 2
    pending_queue_size: 256
    coherence: MOESI
  L1_D_0:
    type: cache
    size: 32768
    sets: 256
    ways: 2
    line_size: 64
    latency: 2
    pending_queue_size: 256
    coherence: MOESI
  L1_D_1:
    type: cache
    size: 32768
    sets: 256
    ways: 2
    line_size: 64
    latency: 2
    pending_queue_size: 256
    coherence: MOESI
  L2_0:
    type: cache
    size: 524288
    sets: 2048
    ways: 4
    line_size: 64
    latency: 5
    pending_queue_size: 256
    coherence: MOESI
  L2_1:
    type: cache
    size: 524288
    sets: 2048
    ways: 4
    line_size: 64
    latency: 5
    pending_queue_size: 256
    coherence: MOESI
  L3_0:
    type: cache
    size: 2097152
    sets: 2048
    ways: 16
    line_size: 64
    latency: 7
    pending_queue_size: 128
    config: writeback
  DIR_0:
    type: directory
    size: 65536
    line_size: 64
    sets: 4096
    ways: 16
  MEM_0:
    type: nvm_cont
    pending request size: 128
    nvmain config file: /home/ling/hybrid-memory-simulator/nvmain/Config/2D_DRAM.config
  p2p_core_L1_I_0:
    type: interconnect
    latency: 0
  p2p_core_L1_I_1:
    type: interconnect
    latency: 0
  p2p_core_L1_D_0:
    type: interconnect
    latency: 0
  p2p_core_L1_D_1:
    type: interconnect
    latency: 0
  p2p_L1_I_L2_0:
    type: interconnect
    latency: 0
  p2p_L1_I_L2_1:
    type: interconnect
    latency: 0
  p2p_L1_D_L2_0:
    type: interconnect
    latency: 0
  p2p_L1_D_L2_1:
    type: interconnect
    latency: 0
  p2p_L3_0_MEM_00:
    type: interconnect
    latency: 0
  switch_00:
    type: interconnect
    latency: 2
    per_cont_queue_size: 16

# End Machine Configuration
Dumped all machine configuration
Start logging at level 0 in cycle 0
Completed             0 cycles,             0 commits:         0 Hz,         0 insns/sec: rip 0000000000400b2f ffffffff81013092
Completed         22000 cycles,         13795 commits:    109522 Hz,     68675 insns/sec: rip ffffffff81053242 ffffffff8104f0fb
Completed         30000 cycles,         37815 commits:     35997 Hz,    108081 insns/sec: rip ffffffff8102b030 ffffffff8104f107
Completed         63000 cycles,         43659 commits:    162234 Hz,     28730 insns/sec: rip ffffffff8103c0b0 ffffffff8103c0b0
Completed         99000 cycles,         46278 commits:    172358 Hz,     12539 insns/sec: rip ffffffff811cd17c ffffffff8106555d
Completed        150000 cycles,         49712 commits:    252386 Hz,     16994 insns/sec: rip ffffffff8128ff63 ffffffff81013091
Completed        174000 cycles,         55365 commits:    112496 Hz,     26497 insns/sec: rip ffffffff81292281 ffffffff81013091
Completed        189000 cycles,         61653 commits:     70274 Hz,     29459 insns/sec: rip ffffffff811cd113 ffffffff81013091
Completed        195000 cycles,         68296 commits:     26176 Hz,     28982 insns/sec: rip ffffffff8106217d ffffffff81013091
Completed        201000 cycles,         74945 commits:     28696 Hz,     31800 insns/sec: rip ffffffff811cd16c ffffffff81013070
Completed        211000 cycles,         86391 commits:     49444 Hz,     56594 insns/sec: rip ffffffff810486a7 ffffffff81013091
Completed        221000 cycles,         97886 commits:     46886 Hz,     53896 insns/sec: rip ffffffff811cd129 ffffffff81013091
Completed        231000 cycles,        109356 commits:     44867 Hz,     51463 insns/sec: rip ffffffff811dc6d9 ffffffff81013091
Completed        245000 cycles,        120711 commits:     67746 Hz,     54946 insns/sec: rip ffffffff811cd16c ffffffff81013091
Completed        254000 cycles,        129661 commits:     41368 Hz,     41138 insns/sec: rip ffffffff811cd121 ffffffff81013091
Completed        264000 cycles,        140526 commits:     47121 Hz,     51197 insns/sec: rip ffffffff811cd163 ffffffff81013091
Completed        274000 cycles,        152090 commits:     46934 Hz,     54275 insns/sec: rip ffffffff811cd16c ffffffff81013091
Completed        284000 cycles,        163534 commits:     48547 Hz,     55557 insns/sec: rip ffffffff811cd142 ffffffff81013091
Completed        296000 cycles,        175322 commits:     58187 Hz,     57159 insns/sec: rip ffffffff81292200 ffffffff81013091
Completed        308000 cycles,        187028 commits:     59893 Hz,     58425 insns/sec: rip ffffffff812981ed ffffffff81013091
Completed        317000 cycles,        197417 commits:     41023 Hz,     47355 insns/sec: rip ffffffff8139135c ffffffff81013091
Completed        326000 cycles,        207848 commits:     43962 Hz,     50952 insns/sec: rip ffffffff81297e91 ffffffff81013091
Completed        335000 cycles,        217577 commits:     42008 Hz,     45411 insns/sec: rip ffffffff8139135c ffffffff81013091
Completed        345000 cycles,        229143 commits:     46481 Hz,     53760 insns/sec: rip ffffffff811cd190 ffffffff81013091
Completed        368000 cycles,        237321 commits:    113989 Hz,     40530 insns/sec: rip ffffffff811dc841 ffffffff81013091
Completed        422000 cycles,        239335 commits:    269594 Hz,     10054 insns/sec: rip ffffffff811d74f5 ffffffff81013091
Completed        474000 cycles,        243048 commits:    259742 Hz,     18546 insns/sec: rip ffffffff81191312 ffffffff81013091
Completed        496000 cycles,        250091 commits:    107587 Hz,     34442 insns/sec: rip ffffffff8139135c ffffffff81013091
Completed        534000 cycles,        255439 commits:    176561 Hz,     24848 insns/sec: rip ffffffff81012b29 ffffffff81013091
Completed        582000 cycles,        259885 commits:    237526 Hz,     22000 insns/sec: rip ffffffff810611b0 ffffffff81013091
Completed        634000 cycles,        262086 commits:    256102 Hz,     10840 insns/sec: rip ffffffff8107cd85 ffffffff81013091
Completed        671000 cycles,        268271 commits:    181115 Hz,     30275 insns/sec: rip ffffffff8107ce7b ffffffff81013091
Completed        708000 cycles,        274987 commits:    184997 Hz,     33579 insns/sec: rip ffffffff8107cdb7 ffffffff81013091
Completed        743000 cycles,        281486 commits:    171371 Hz,     31821 insns/sec: rip ffffffff8107ce7b ffffffff81013091
Completed        782000 cycles,        287276 commits:    192645 Hz,     28600 insns/sec: rip ffffffff81169e7b ffffffff81013091
Completed        829000 cycles,        291518 commits:    227579 Hz,     20540 insns/sec: rip ffffffff810703d0 ffffffff81013091
Completed        853000 cycles,        300784 commits:    117966 Hz,     45545 insns/sec: rip ffffffff8106bd34 ffffffff81013091
Completed        898000 cycles,        305409 commits:    223275 Hz,     22947 insns/sec: rip ffffffff81169c03 ffffffff81013091
Completed        950000 cycles,        308580 commits:    256401 Hz,     15635 insns/sec: rip ffffffff810425be ffffffff81013091
Completed        992000 cycles,        312266 commits:    207098 Hz,     18175 insns/sec: rip ffffffff8138f417 ffffffff81013091
Completed       1052000 cycles,        315073 commits:    299714 Hz,     14021 insns/sec: rip ffffffff81042262 ffffffff81013091
Completed       1115000 cycles,        316938 commits:    313196 Hz,      9271 insns/sec: rip ffffffff810a6420 ffffffff81013091
Completed       1168000 cycles,        320346 commits:    254540 Hz,     16367 insns/sec: rip 00007fd80ffbdb01 ffffffff81013091
Completed       1224000 cycles,        322772 commits:    277790 Hz,     12034 insns/sec: rip ffffffff81067480 ffffffff81013091
Completed       1268000 cycles,        326533 commits:    217739 Hz,     18611 insns/sec: rip 00007fd80ff5a5db ffffffff81013091
Completed       1308000 cycles,        331494 commits:    198138 Hz,     24574 insns/sec: rip 0000000000441180 ffffffff81013091
Invalid opcode at 0xffffffff81013cc2: split_invalid_basic_blocks 0, first_insn_in_bb? 0
Completed       1353000 cycles,        334887 commits:    223156 Hz,     16825 insns/sec: rip ffffffff81041444 ffffffff81013091
Completed       1408000 cycles,        338082 commits:    274712 Hz,     15958 insns/sec: rip 00007fd80ff1a2c1 ffffffff81013091
Completed       1459000 cycles,        341542 commits:    253930 Hz,     17227 insns/sec: rip ffffffff8107bf3b ffffffff81013091
Completed       1500000 cycles,        346887 commits:    204080 Hz,     26605 insns/sec: rip ffffffff8107bf3b ffffffff81013091
Completed       1543000 cycles,        351320 commits:    213737 Hz,     22034 insns/sec: rip 00007fd80ff0a200 ffffffff81013091
Completed       1560000 cycles,        362598 commits:     84107 Hz,     55797 insns/sec: rip 00007fd80ff0a21a ffffffff81013091
Completed       1569000 cycles,        376014 commits:     44081 Hz,     65710 insns/sec: rip 00007fd80ff0a20e ffffffff81013091
Completed       1583000 cycles,        388159 commits:     69488 Hz,     60281 insns/sec: rip 00007fd80ff7088d ffffffff81013091
Completed       1603000 cycles,        399367 commits:     92746 Hz,     51974 insns/sec: rip 00007fd80ff708c8 ffffffff81013091
Completed       1629000 cycles,        408780 commits:    129306 Hz,     46813 insns/sec: rip 000000000042d500 ffffffff81013091
Completed       1658000 cycles,        416686 commits:    143972 Hz,     39249 insns/sec: rip ffffffff8107bf3b ffffffff81013091
Completed       1686000 cycles,        425898 commits:    134516 Hz,     44255 insns/sec: rip 00007fd80ff0a3be ffffffff81013091
Completed       1696000 cycles,        440048 commits:     46751 Hz,     66153 insns/sec: rip 00007fd80ff70950 ffffffff81013091
Completed       1706000 cycles,        453772 commits:     48100 Hz,     66013 insns/sec: rip 00007fd80ff77e6b ffffffff81013091
Completed       1715000 cycles,        467216 commits:     43504 Hz,     64985 insns/sec: rip 00007fd80ff707e0 ffffffff81013091
Completed       1737000 cycles,        477125 commits:    109473 Hz,     49307 insns/sec: rip 0000000000489ca0 ffffffff81013091
Completed       1771000 cycles,        483460 commits:    164620 Hz,     30672 insns/sec: rip 0000000000496497 ffffffff81013091
Completed       1794000 cycles,        491363 commits:    110549 Hz,     37985 insns/sec: rip ffffffff8107bf3b ffffffff81013091
Completed       1824000 cycles,        500264 commits:    142020 Hz,     42137 insns/sec: rip 00007fd80ff708cd ffffffff81013091
Completed       1852000 cycles,        509475 commits:    134995 Hz,     44408 insns/sec: rip ffffffff811d2f27 ffffffff81013091
Completed       1885000 cycles,        517172 commits:    164074 Hz,     38269 insns/sec: rip ffffffff811d75ac ffffffff81013091
Completed       1951000 cycles,        519388 commits:    328764 Hz,     11038 insns/sec: rip ffffffff81013091 ffffffff81013091
Completed       2029000 cycles,        520942 commits:    388677 Hz,      7743 insns/sec: rip ffffffff81013091 ffffffff81013091
Completed       2101000 cycles,        522718 commits:    351440 Hz,      8668 insns/sec: rip ffffffff81013091 ffffffff81013091
Completed       2175000 cycles,        524272 commits:    367687 Hz,      7721 insns/sec: rip ffffffff81013091 ffffffff81013091
Completed       2249000 cycles,        525826 commits:    369320 Hz,      7755 insns/sec: rip ffffffff81013091 ffffffff81013091
Completed       2323000 cycles,        527602 commits:    366546 Hz,      8797 insns/sec: rip ffffffff81013091 ffffffff81013091
Completed       2401000 cycles,        529156 commits:    389835 Hz,      7766 insns/sec: rip ffffffff81013091 ffffffff81013091
Completed       2476000 cycles,        530932 commits:    371736 Hz,      8802 insns/sec: rip ffffffff81013091 ffffffff81013091
Completed       2551000 cycles,        532486 commits:    369318 Hz,      7652 insns/sec: rip ffffffff81013091 ffffffff81013091
Completed       2626000 cycles,        534262 commits:    370837 Hz,      8781 insns/sec: rip ffffffff81013091 ffffffff81013091
Completed       2701000 cycles,        535816 commits:    372422 Hz,      7716 insns/sec: rip ffffffff81013091 ffffffff81013091
Completed       2777000 cycles,        537481 commits:    376757 Hz,      8253 insns/sec: rip ffffffff81013091 ffffffff81013091
Completed       2852000 cycles,        539146 commits:    371801 Hz,      8253 insns/sec: rip ffffffff81013091 ffffffff81013091
Completed       2930000 cycles,        540922 commits:    387859 Hz,      8831 insns/sec: rip ffffffff81013091 ffffffff81013091
Completed       3006000 cycles,        542476 commits:    376346 Hz,      7695 insns/sec: rip ffffffff81013091 ffffffff81013091
Completed       3080000 cycles,        544071 commits:    368109 Hz,      7934 insns/sec: rip ffffffff81050176 ffffffff81013091
Completed       3158000 cycles,        545806 commits:    387096 Hz,      8610 insns/sec: rip ffffffff81013091 ffffffff81013091
Completed       3234000 cycles,        547582 commits:    379272 Hz,      8863 insns/sec: rip ffffffff81013091 ffffffff81013091
Completed       3308000 cycles,        549136 commits:    369631 Hz,      7762 insns/sec: rip ffffffff81013091 ffffffff81013091
Completed       3381000 cycles,        550690 commits:    364654 Hz,      7762 insns/sec: rip ffffffff81013091 ffffffff81013091
Completed       3460000 cycles,        552466 commits:    394557 Hz,      8870 insns/sec: rip ffffffff81013091 ffffffff81013091
Completed       3535000 cycles,        554131 commits:    370272 Hz,      8220 insns/sec: rip ffffffff81013091 ffffffff81013091
Completed       3611000 cycles,        555796 commits:    373218 Hz,      8176 insns/sec: rip ffffffff81013091 ffffffff81013091
Completed       3688000 cycles,        557572 commits:    383138 Hz,      8837 insns/sec: rip ffffffff81013091 ffffffff81013091
Completed       3759000 cycles,        559126 commits:    353332 Hz,      7733 insns/sec: rip ffffffff81013091 ffffffff81013091
Completed       3836000 cycles,        560680 commits:    382873 Hz,      7727 insns/sec: rip ffffffff81013091 ffffffff81013091
Completed       3911000 cycles,        562456 commits:    369305 Hz,      8745 insns/sec: rip ffffffff81013091 ffffffff81013091
Completed       3985000 cycles,        564010 commits:    367932 Hz,      7726 insns/sec: rip ffffffff81013091 ffffffff81013091
Completed       4057000 cycles,        565564 commits:    359478 Hz,      7758 insns/sec: rip ffffffff81013091 ffffffff81013091
Completed       4128000 cycles,        567118 commits:    351660 Hz,      7696 insns/sec: rip ffffffff81013091 ffffffff81013091
Completed       4203000 cycles,        568894 commits:    373040 Hz,      8833 insns/sec: rip ffffffff81013091 ffffffff81013091
Completed       4281000 cycles,        570448 commits:    382164 Hz,      7613 insns/sec: rip ffffffff81013091 ffffffff81013091
Completed       4354000 cycles,        572224 commits:    358252 Hz,      8715 insns/sec: rip ffffffff81013091 ffffffff81013091
Completed       4430000 cycles,        573778 commits:    377530 Hz,      7719 insns/sec: rip ffffffff81013091 ffffffff81013091
Completed       4501000 cycles,        575332 commits:    353591 Hz,      7739 insns/sec: rip ffffffff81013091 ffffffff81013091
Completed       4575000 cycles,        576886 commits:    368623 Hz,      7741 insns/sec: rip ffffffff81013091 ffffffff81013091
Completed       4647000 cycles,        578662 commits:    359331 Hz,      8863 insns/sec: rip ffffffff81013091 ffffffff81013091
Completed       4721000 cycles,        580216 commits:    363195 Hz,      7627 insns/sec: rip ffffffff81013091 ffffffff81013091
Completed       4792000 cycles,        581770 commits:    354833 Hz,      7766 insns/sec: rip ffffffff81013091 ffffffff81013091
Completed       4865000 cycles,        583324 commits:    362462 Hz,      7715 insns/sec: rip ffffffff81013091 ffffffff81013091
Completed       4937000 cycles,        584878 commits:    359773 Hz,      7765 insns/sec: rip ffffffff81013091 ffffffff81013091
Completed       5010000 cycles,        586432 commits:    362727 Hz,      7721 insns/sec: rip ffffffff81013091 ffffffff81013091
Completed       5083000 cycles,        588208 commits:    364668 Hz,      8871 insns/sec: rip ffffffff81013091 ffffffff81013091
Completed       5154000 cycles,        589762 commits:    354742 Hz,      7764 insns/sec: rip ffffffff81013091 ffffffff81013091
Completed       5227000 cycles,        591316 commits:    362508 Hz,      7716 insns/sec: rip ffffffff81013091 ffffffff81013091
Completed       5301000 cycles,        592870 commits:    365692 Hz,      7679 insns/sec: rip ffffffff81013091 ffffffff81013091
Completed       5377000 cycles,        594646 commits:    377019 Hz,      8810 insns/sec: rip ffffffff81013091 ffffffff81013091
Completed       5453000 cycles,        596200 commits:    379502 Hz,      7759 insns/sec: rip ffffffff81013091 ffffffff81013091
Completed       5524000 cycles,        597754 commits:    351652 Hz,      7696 insns/sec: rip ffffffff81013091 ffffffff81013091
Completed       5573000 cycles,        598864 commits:    244463 Hz,      5537 insns/sec: rip ffffffff81013091 ffffffff81013091
Completed       5633000 cycles,        600196 commits:    297819 Hz,      6611 insns/sec: rip ffffffff81013091 ffffffff81013091
Completed       5695000 cycles,        601528 commits:    307332 Hz,      6602 insns/sec: rip ffffffff81013091 ffffffff81013091
Completed       5766000 cycles,        603082 commits:    354607 Hz,      7761 insns/sec: rip ffffffff81013091 ffffffff81013091
Completed       5837000 cycles,        604636 commits:    353771 Hz,      7743 insns/sec: rip ffffffff81013091 ffffffff81013091
Completed       5903000 cycles,        606190 commits:    326521 Hz,      7688 insns/sec: rip ffffffff81013091 ffffffff81013091
Completed       5971000 cycles,        607744 commits:    338277 Hz,      7730 insns/sec: rip ffffffff81013091 ffffffff81013091
Completed       6043000 cycles,        609298 commits:    356729 Hz,      7699 insns/sec: rip ffffffff81013091 ffffffff81013091
Completed       6109000 cycles,        610630 commits:    326723 Hz,      6593 insns/sec: rip ffffffff81013091 ffffffff81013091
Completed       6181000 cycles,        612184 commits:    354245 Hz,      7645 insns/sec: rip ffffffff81013091 ffffffff81013091
Completed       6252000 cycles,        613738 commits:    353662 Hz,      7740 insns/sec: rip ffffffff81013091 ffffffff81013091
Completed       6324000 cycles,        615292 commits:    357970 Hz,      7726 insns/sec: rip ffffffff81013091 ffffffff81013091
Completed       6396000 cycles,        617068 commits:    357253 Hz,      8812 insns/sec: rip ffffffff81013091 ffffffff81013091
Completed       6471000 cycles,        618622 commits:    372950 Hz,      7727 insns/sec: rip ffffffff81013091 ffffffff81013091
Completed       6545000 cycles,        620176 commits:    368839 Hz,      7745 insns/sec: rip ffffffff81013091 ffffffff81013091
Completed       6618000 cycles,        621952 commits:    364658 Hz,      8871 insns/sec: rip ffffffff81013091 ffffffff81013091
Completed       6691000 cycles,        623506 commits:    364886 Hz,      7767 insns/sec: rip ffffffff81013091 ffffffff81013091
Completed       6762000 cycles,        625060 commits:    354577 Hz,      7760 insns/sec: rip ffffffff81013091 ffffffff81013091
Completed       6833000 cycles,        626614 commits:    352272 Hz,      7710 insns/sec: rip ffffffff81013091 ffffffff81013091
Completed       6907000 cycles,        628168 commits:    366895 Hz,      7704 insns/sec: rip ffffffff81013091 ffffffff81013091
Completed       6976000 cycles,        629722 commits:    343651 Hz,      7739 insns/sec: rip ffffffff81013091 ffffffff81013091
Completed       7048000 cycles,        631276 commits:    359310 Hz,      7755 insns/sec: rip ffffffff81013091 ffffffff81013091
Completed       7122000 cycles,        632830 commits:    367284 Hz,      7712 insns/sec: rip ffffffff81013091 ffffffff81013091
Completed       7198000 cycles,        634606 commits:    377006 Hz,      8810 insns/sec: rip ffffffff81013091 ffffffff81013091
Completed       7268000 cycles,        636160 commits:    347008 Hz,      7703 insns/sec: rip ffffffff81013091 ffffffff81013091
Completed       7337000 cycles,        637714 commits:    341415 Hz,      7689 insns/sec: rip ffffffff81013091 ffffffff81013091
Completed       7407000 cycles,        639268 commits:    346951 Hz,      7702 insns/sec: rip ffffffff81013091 ffffffff81013091
Completed       7477000 cycles,        640822 commits:    344447 Hz,      7646 insns/sec: rip ffffffff81013091 ffffffff81013091
Completed       7548000 cycles,        642376 commits:    351316 Hz,      7689 insns/sec: rip ffffffff81013091 ffffffff81013091
Completed       7615000 cycles,        643708 commits:    331661 Hz,      6593 insns/sec: rip ffffffff81013091 ffffffff81013091
Completed       7669000 cycles,        645040 commits:    262303 Hz,      6470 insns/sec: rip ffffffff81013091 ffffffff81013091
Completed       7737000 cycles,        646372 commits:    338309 Hz,      6626 insns/sec: rip ffffffff81013091 ffffffff81013091
Completed       7801000 cycles,        647926 commits:    308883 Hz,      7500 insns/sec: rip ffffffff81013091 ffffffff81013091
Completed       7851000 cycles,        650514 commits:    249339 Hz,     12905 insns/sec: rip ffffffff81013091 ffffffff81013091
Completed       7919000 cycles,        651919 commits:    337930 Hz,      6982 insns/sec: rip ffffffff81013091 ffffffff81013091
Completed       7975000 cycles,        653251 commits:    277244 Hz,      6594 insns/sec: rip ffffffff81013091 ffffffff81013091
Completed       8023000 cycles,        654250 commits:    237348 Hz,      4939 insns/sec: rip ffffffff81013091 ffffffff81013091
Completed       8081000 cycles,        655471 commits:    283806 Hz,      5974 insns/sec: rip ffffffff81013091 ffffffff81013091
Completed       8128000 cycles,        656581 commits:    230187 Hz,      5436 insns/sec: rip ffffffff81013091 ffffffff81013091
Completed       8167000 cycles,        657469 commits:    190564 Hz,      4339 insns/sec: rip ffffffff81013091 ffffffff81013091
Completed       8207000 cycles,        658246 commits:    199246 Hz,      3870 insns/sec: rip ffffffff81013091 ffffffff81013091
Completed       8265000 cycles,        659578 commits:    287249 Hz,      6596 insns/sec: rip ffffffff81013091 ffffffff81013091
Completed       8328000 cycles,        660910 commits:    314070 Hz,      6640 insns/sec: rip ffffffff81013091 ffffffff81013091
Completed       8392000 cycles,        662353 commits:    319388 Hz,      7201 insns/sec: rip ffffffff81013091 ffffffff81013091
Completed       8460000 cycles,        663907 commits:    336749 Hz,      7695 insns/sec: rip ffffffff81013091 ffffffff81013091
Completed       8529000 cycles,        665350 commits:    344317 Hz,      7200 insns/sec: rip ffffffff81013091 ffffffff81013091
Completed       8601000 cycles,        666904 commits:    359553 Hz,      7760 insns/sec: rip ffffffff81013091 ffffffff81013091
Completed       8669000 cycles,        668458 commits:    339105 Hz,      7749 insns/sec: rip ffffffff81013091 ffffffff81013091
Completed       8724000 cycles,        669679 commits:    270271 Hz,      6000 insns/sec: rip ffffffff81013091 ffffffff81013091
Completed       8766000 cycles,        670567 commits:    208196 Hz,      4401 insns/sec: rip ffffffff81013091 ffffffff81013091
Completed       8820000 cycles,        671677 commits:    268894 Hz,      5527 insns/sec: rip ffffffff81013091 ffffffff81013091
Completed       8887000 cycles,        673231 commits:    332362 Hz,      7708 insns/sec: rip ffffffff81013091 ffffffff81013091
Completed       8959000 cycles,        674785 commits:    357355 Hz,      7712 insns/sec: rip ffffffff81013091 ffffffff81013091
Completed       9032000 cycles,        676339 commits:    362325 Hz,      7713 insns/sec: rip ffffffff81013091 ffffffff81013091
Completed       9101000 cycles,        677893 commits:    343636 Hz,      7739 insns/sec: rip ffffffff81013091 ffffffff81013091
Completed       9174000 cycles,        679558 commits:    364137 Hz,      8305 insns/sec: rip ffffffff81013091 ffffffff81013091
Completed       9245000 cycles,        681112 commits:    349610 Hz,      7652 insns/sec: rip ffffffff81013091 ffffffff81013091
Completed       9305000 cycles,        682333 commits:    299192 Hz,      6088 insns/sec: rip ffffffff81013091 ffffffff81013091
Completed       9353000 cycles,        683443 commits:    237783 Hz,      5498 insns/sec: rip ffffffff81013091 ffffffff81013091
Completed       9411000 cycles,        684775 commits:    284192 Hz,      6526 insns/sec: rip ffffffff81013091 ffffffff81013091
Completed       9471000 cycles,        686107 commits:    291174 Hz,      6464 insns/sec: rip ffffffff81013091 ffffffff81013091
Completed       9541000 cycles,        687550 commits:    349505 Hz,      7204 insns/sec: rip ffffffff81013091 ffffffff81013091
Completed       9607000 cycles,        688993 commits:    326790 Hz,      7144 insns/sec: rip ffffffff81013091 ffffffff81013091
Completed       9669000 cycles,        690378 commits:    308326 Hz,      6887 insns/sec: rip ffffffff81013091 ffffffff8100a50b
Completed       9734000 cycles,        691879 commits:    320559 Hz,      7402 insns/sec: rip ffffffff81013091 ffffffff81013091
Completed       9800000 cycles,        693211 commits:    328530 Hz,      6630 insns/sec: rip ffffffff81013091 ffffffff81013091
Completed       9866000 cycles,        694765 commits:    329125 Hz,      7749 insns/sec: rip ffffffff81013091 ffffffff81013091
Completed       9942000 cycles,        696430 commits:    375293 Hz,      8221 insns/sec: rip ffffffff81013091 ffffffff81013091
Completed      10013000 cycles,        697984 commits:    348540 Hz,      7628 insns/sec: rip ffffffff81013091 ffffffff81013091
Completed      10079000 cycles,        699427 commits:    328828 Hz,      7189 insns/sec: rip ffffffff81013091 ffffffff81013091
Completed      10143000 cycles,        700759 commits:    318599 Hz,      6630 insns/sec: rip ffffffff81013091 ffffffff81013091
Completed      10206000 cycles,        702202 commits:    311156 Hz,      7126 insns/sec: rip ffffffff81013091 ffffffff81013091
Completed      10267000 cycles,        703534 commits:    301882 Hz,      6591 insns/sec: rip ffffffff81013091 ffffffff81013091
Completed      10330000 cycles,        704977 commits:    313067 Hz,      7170 insns/sec: rip ffffffff81013091 ffffffff81013091
Completed      10379000 cycles,        705976 commits:    243745 Hz,      4969 insns/sec: rip ffffffff81013091 ffffffff81013091
Completed      10430000 cycles,        707086 commits:    252483 Hz,      5495 insns/sec: rip ffffffff81013091 ffffffff81013091
Completed      10472000 cycles,        708085 commits:    207986 Hz,      4947 insns/sec: rip ffffffff81013091 ffffffff81013091
Completed      10513000 cycles,        708973 commits:    203467 Hz,      4406 insns/sec: rip ffffffff81013091 ffffffff81013091
Completed      10551000 cycles,        709750 commits:    184252 Hz,      3767 insns/sec: rip ffffffff81013091 ffffffff81013091
Completed      10587000 cycles,        710527 commits:    177133 Hz,      3823 insns/sec: rip ffffffff81013091 ffffffff81013091
Completed      10627000 cycles,        711415 commits:    199400 Hz,      4426 insns/sec: rip ffffffff81013091 ffffffff81013091
Completed      10686000 cycles,        712747 commits:    293600 Hz,      6628 insns/sec: rip ffffffff81013091 ffffffff81013091
Completed      10748000 cycles,        714079 commits:    309076 Hz,      6640 insns/sec: rip ffffffff81013091 ffffffff81013091
Completed      10815000 cycles,        715633 commits:    330192 Hz,      7658 insns/sec: rip ffffffff81013091 ffffffff81013091
Completed      10852000 cycles,        718536 commits:    183526 Hz,     14399 insns/sec: rip ffffffff81013091 ffffffff8103c020
Completed      10916000 cycles,        720003 commits:    314830 Hz,      7216 insns/sec: rip ffffffff81013091 ffffffff81013091
Completed      10984000 cycles,        721446 commits:    336242 Hz,      7135 insns/sec: rip ffffffff81013091 ffffffff81013091
Completed      11048000 cycles,        722889 commits:    315555 Hz,      7114 insns/sec: rip ffffffff81013091 ffffffff81013091
Completed      11104000 cycles,        723999 commits:    277120 Hz,      5492 insns/sec: rip ffffffff81013091 ffffffff81013091
Completed      11169000 cycles,        725553 commits:    323712 Hz,      7739 insns/sec: rip ffffffff81013091 ffffffff81013091
Completed      11233000 cycles,        726885 commits:    319028 Hz,      6639 insns/sec: rip ffffffff81013091 ffffffff81013091
Completed      11301000 cycles,        728439 commits:    333791 Hz,      7628 insns/sec: rip ffffffff81013091 ffffffff81013091
Completed      11368000 cycles,        729882 commits:    333457 Hz,      7181 insns/sec: rip ffffffff81013091 ffffffff81013091
Completed      11439000 cycles,        731436 commits:    350311 Hz,      7667 insns/sec: rip ffffffff81013091 ffffffff81013091
Completed      11506000 cycles,        732879 commits:    333560 Hz,      7183 insns/sec: rip ffffffff81013091 ffffffff81013091
Completed      11573000 cycles,        734433 commits:    333689 Hz,      7739 insns/sec: rip ffffffff81013091 ffffffff81013091
Completed      11642000 cycles,        735876 commits:    343387 Hz,      7181 insns/sec: rip ffffffff81013091 ffffffff81013091
Completed      11705000 cycles,        737319 commits:    314467 Hz,      7202 insns/sec: rip ffffffff81013091 ffffffff81013091
Completed      11769000 cycles,        738651 commits:    319469 Hz,      6648 insns/sec: rip ffffffff81013091 ffffffff81013091
Completed      11828000 cycles,        739983 commits:    294609 Hz,      6651 insns/sec: rip ffffffff81013091 ffffffff81013091
Completed      11888000 cycles,        741315 commits:    298432 Hz,      6625 insns/sec: rip ffffffff81013091 ffffffff81013091
Completed      11950000 cycles,        742647 commits:    308437 Hz,      6626 insns/sec: rip ffffffff81013091 ffffffff81013091
Completed      12013000 cycles,        743979 commits:    311836 Hz,      6593 insns/sec: rip ffffffff81013091 ffffffff81013091
Completed      12074000 cycles,        745311 commits:    304503 Hz,      6649 insns/sec: rip ffffffff81013091 ffffffff81013091
Completed      12133000 cycles,        746643 commits:    291556 Hz,      6582 insns/sec: rip ffffffff81013091 ffffffff81013091
Completed      12172000 cycles,        747531 commits:    193657 Hz,      4409 insns/sec: rip ffffffff81013091 ffffffff81013091
Completed      12207000 cycles,        748308 commits:    173762 Hz,      3857 insns/sec: rip ffffffff81013091 ffffffff81013091
Completed      12242000 cycles,        749085 commits:    172632 Hz,      3832 insns/sec: rip ffffffff81013091 ffffffff81013091
Completed      12282000 cycles,        749973 commits:    197293 Hz,      4379 insns/sec: rip ffffffff81013091 ffffffff81013091
Completed      12322000 cycles,        750861 commits:    199910 Hz,      4438 insns/sec: rip ffffffff81013091 ffffffff81013091
Completed      12362000 cycles,        751749 commits:    197088 Hz,      4375 insns/sec: rip ffffffff81013091 ffffffff81013091
Completed      12398000 cycles,        752473 commits:    176940 Hz,      3558 insns/sec: rip ffffffff81013091 ffffffff8100a515
Completed      12436000 cycles,        753303 commits:    188890 Hz,      4125 insns/sec: rip ffffffff81013091 ffffffff81013091
Completed      12479000 cycles,        754302 commits:    209521 Hz,      4867 insns/sec: rip ffffffff81013091 ffffffff81013091
Completed      12523000 cycles,        755301 commits:    214017 Hz,      4859 insns/sec: rip ffffffff81013091 ffffffff81013091
Completed      12566000 cycles,        756189 commits:    212031 Hz,      4378 insns/sec: rip ffffffff81013091 ffffffff81013091
Completed      12614000 cycles,        757299 commits:    234923 Hz,      5432 insns/sec: rip ffffffff81013091 ffffffff81013091
Completed      12661000 cycles,        758298 commits:    227410 Hz,      4833 insns/sec: rip ffffffff81013091 ffffffff81013091
Completed      12708000 cycles,        759297 commits:    234591 Hz,      4986 insns/sec: rip ffffffff81013091 ffffffff81013091
Completed      12751000 cycles,        760185 commits:    211136 Hz,      4360 insns/sec: rip ffffffff81013091 ffffffff81013091
Completed      12802000 cycles,        761295 commits:    252964 Hz,      5505 insns/sec: rip ffffffff81013091 ffffffff81013091
Completed      12855000 cycles,        762516 commits:    263096 Hz,      6061 insns/sec: rip ffffffff81013091 ffffffff81013091
Completed      12902000 cycles,        763515 commits:    234117 Hz,      4976 insns/sec: rip ffffffff81013091 ffffffff81013091
Completed      12938000 cycles,        764403 commits:    178858 Hz,      4411 insns/sec: rip ffffffff81013091 ffffffff81013091
Completed      12974000 cycles,        765180 commits:    177936 Hz,      3840 insns/sec: rip ffffffff81013091 ffffffff81013091
Completed      13012000 cycles,        765957 commits:    185205 Hz,      3786 insns/sec: rip ffffffff81013091 ffffffff81013091
Completed      13051000 cycles,        766845 commits:    187941 Hz,      4279 insns/sec: rip ffffffff81013091 ffffffff81013091
Completed      13091000 cycles,        767733 commits:    191918 Hz,      4260 insns/sec: rip ffffffff81013091 ffffffff81013091
Completed      13129000 cycles,        768621 commits:    184420 Hz,      4309 insns/sec: rip ffffffff81013091 ffffffff81013091
Completed      13169000 cycles,        769509 commits:    192228 Hz,      4267 insns/sec: rip ffffffff81013091 ffffffff81013091
Completed      13206000 cycles,        770175 commits:    184503 Hz,      3321 insns/sec: rip ffffffff81013091 ffffffff81013091
Completed      13247000 cycles,        771174 commits:    199285 Hz,      4855 insns/sec: rip ffffffff81013091 ffffffff81013091
Completed      13291000 cycles,        772173 commits:    208726 Hz,      4739 insns/sec: rip ffffffff81013091 ffffffff81013091
Completed      13334000 cycles,        773061 commits:    213519 Hz,      4409 insns/sec: rip ffffffff81013091 ffffffff81013091
Completed      13379000 cycles,        774060 commits:    220878 Hz,      4903 insns/sec: rip ffffffff81013091 ffffffff81013091
Completed      13422000 cycles,        775059 commits:    214664 Hz,      4987 insns/sec: rip ffffffff81013091 ffffffff81013091
Completed      13477000 cycles,        776169 commits:    272257 Hz,      5494 insns/sec: rip ffffffff81013091 ffffffff81013091
Completed      13532000 cycles,        777390 commits:    272472 Hz,      6048 insns/sec: rip ffffffff81013091 ffffffff81013091
Completed      13581000 cycles,        778500 commits:    235055 Hz,      5324 insns/sec: rip ffffffff81013091 ffffffff81013091
Completed      13632000 cycles,        779610 commits:    251898 Hz,      5482 insns/sec: rip ffffffff81013091 ffffffff81013091
Completed      13683000 cycles,        780720 commits:    254441 Hz,      5537 insns/sec: rip ffffffff81013091 ffffffff81013091
Completed      13731000 cycles,        781719 commits:    235077 Hz,      4892 insns/sec: rip ffffffff81013091 ffffffff81013091
Completed      13774000 cycles,        782718 commits:    214659 Hz,      4987 insns/sec: rip ffffffff81013091 ffffffff81013091
Completed      13816000 cycles,        783717 commits:    209462 Hz,      4982 insns/sec: rip ffffffff81013091 ffffffff81013091
Completed      13861000 cycles,        784605 commits:    224680 Hz,      4433 insns/sec: rip ffffffff81013091 ffffffff81013091
Completed      13914000 cycles,        785826 commits:    257371 Hz,      5929 insns/sec: rip ffffffff81013091 ffffffff81013091
Completed      13961000 cycles,        786825 commits:    231446 Hz,      4919 insns/sec: rip ffffffff81013091 ffffffff81013091
Completed      14002000 cycles,        787713 commits:    203099 Hz,      4398 insns/sec: rip ffffffff81013091 ffffffff81013091
Completed      14044000 cycles,        788601 commits:    208931 Hz,      4417 insns/sec: rip ffffffff81013091 ffffffff81013091
Completed      14093000 cycles,        789711 commits:    241547 Hz,      5471 insns/sec: rip ffffffff81013091 ffffffff81013091
Completed      14141000 cycles,        790821 commits:    231817 Hz,      5360 insns/sec: rip ffffffff81013091 ffffffff81013091
Completed      14186000 cycles,        791709 commits:    222286 Hz,      4386 insns/sec: rip ffffffff81013091 ffffffff81013091
Completed      14230000 cycles,        792819 commits:    218811 Hz,      5520 insns/sec: rip ffffffff81013091 ffffffff81013091
Completed      14277000 cycles,        793707 commits:    233441 Hz,      4410 insns/sec: rip ffffffff81013091 ffffffff81013091
Completed      14323000 cycles,        794817 commits:    227243 Hz,      5483 insns/sec: rip ffffffff81013091 ffffffff81013091
Completed      14372000 cycles,        795927 commits:    239884 Hz,      5434 insns/sec: rip ffffffff81013091 ffffffff81013091
Completed      14425000 cycles,        797037 commits:    264198 Hz,      5533 insns/sec: rip ffffffff81013091 ffffffff81013091
Completed      14473000 cycles,        798147 commits:    234809 Hz,      5429 insns/sec: rip ffffffff81013091 ffffffff81013091
Completed      14521000 cycles,        799146 commits:    238929 Hz,      4972 insns/sec: rip ffffffff81013091 ffffffff81013091
Completed      14574000 cycles,        800367 commits:    262918 Hz,      6057 insns/sec: rip ffffffff81013091 ffffffff81013091
Completed      14635000 cycles,        801699 commits:    299780 Hz,      6546 insns/sec: rip ffffffff81013091 ffffffff81013091
Completed      14697000 cycles,        803031 commits:    308397 Hz,      6625 insns/sec: rip ffffffff81013091 ffffffff81013091
Completed      14750000 cycles,        804141 commits:    264989 Hz,      5549 insns/sec: rip ffffffff81013091 ffffffff81013091
Completed      14796000 cycles,        805251 commits:    227730 Hz,      5495 insns/sec: rip ffffffff81013091 ffffffff81013091
Completed      14849000 cycles,        806361 commits:    263175 Hz,      5511 insns/sec: rip ffffffff81013091 ffffffff81013091
Completed      14904000 cycles,        807582 commits:    272824 Hz,      6056 insns/sec: rip ffffffff81013091 ffffffff81013091
Completed      14965000 cycles,        808914 commits:    302945 Hz,      6615 insns/sec: rip ffffffff81013091 ffffffff81013091
Completed      15018000 cycles,        810081 commits:    263941 Hz,      5811 insns/sec: rip ffffffff8100a514 ffffffff81013091
Completed      15059000 cycles,        811023 commits:    203114 Hz,      4666 insns/sec: rip ffffffff81013091 ffffffff81013091
Completed      15097000 cycles,        811800 commits:    189169 Hz,      3868 insns/sec: rip ffffffff81013091 ffffffff81013091
Completed      15140000 cycles,        812799 commits:    211307 Hz,      4909 insns/sec: rip ffffffff81013091 ffffffff81013091
Completed      15187000 cycles,        813798 commits:    231445 Hz,      4919 insns/sec: rip ffffffff81013091 ffffffff81013091
Completed      15234000 cycles,        814797 commits:    230961 Hz,      4909 insns/sec: rip ffffffff81013091 ffffffff81013091
Completed      15281000 cycles,        815907 commits:    226328 Hz,      5345 insns/sec: rip ffffffff81013091 ffffffff81013091
Completed      15334000 cycles,        817017 commits:    263675 Hz,      5522 insns/sec: rip ffffffff81013091 ffffffff81013091
Completed      15392000 cycles,        818349 commits:    286758 Hz,      6585 insns/sec: rip ffffffff81013091 ffffffff81013091
Completed      15453000 cycles,        819681 commits:    303376 Hz,      6624 insns/sec: rip ffffffff81013091 ffffffff81013091
Completed      15502000 cycles,        820680 commits:    242850 Hz,      4951 insns/sec: rip ffffffff81013091 ffffffff81013091
Completed      15534000 cycles,        821457 commits:    155135 Hz,      3766 insns/sec: rip ffffffff81013091 ffffffff81013091
Completed      15563000 cycles,        822012 commits:    143485 Hz,      2746 insns/sec: rip ffffffff81013091 ffffffff81013091
Completed      15591000 cycles,        822678 commits:    139294 Hz,      3313 insns/sec: rip ffffffff81013091 ffffffff81013091
Completed      15631000 cycles,        823455 commits:    195441 Hz,      3796 insns/sec: rip ffffffff81013091 ffffffff81013091
Completed      15680000 cycles,        824565 commits:    241032 Hz,      5460 insns/sec: rip ffffffff81013091 ffffffff81013091
Completed      15733000 cycles,        825786 commits:    262121 Hz,      6038 insns/sec: rip ffffffff81013091 ffffffff81013091
Completed      15792000 cycles,        827007 commits:    294608 Hz,      6096 insns/sec: rip ffffffff81013091 ffffffff81013091
Completed      15854000 cycles,        828450 commits:    303786 Hz,      7070 insns/sec: rip ffffffff81013091 ffffffff81013091
Completed      15913000 cycles,        829671 commits:    293891 Hz,      6082 insns/sec: rip ffffffff81013091 ffffffff81013091
Completed      15974000 cycles,        831003 commits:    302449 Hz,      6604 insns/sec: rip ffffffff81013091 ffffffff81013091
Completed      16032000 cycles,        832335 commits:    289152 Hz,      6640 insns/sec: rip ffffffff81013091 ffffffff81013091
Completed      16091000 cycles,        833667 commits:    294126 Hz,      6640 insns/sec: rip ffffffff81013091 ffffffff81013091
Completed      16153000 cycles,        834999 commits:    307432 Hz,      6604 insns/sec: rip ffffffff81013091 ffffffff81013091
Completed      16210000 cycles,        836220 commits:    282552 Hz,      6052 insns/sec: rip ffffffff81013091 ffffffff81013091
Completed      16268000 cycles,        837552 commits:    286903 Hz,      6588 insns/sec: rip ffffffff81013091 ffffffff81013091
Completed      16330000 cycles,        838884 commits:    307824 Hz,      6613 insns/sec: rip ffffffff81013091 ffffffff81013091
Completed      16392000 cycles,        840216 commits:    309618 Hz,      6651 insns/sec: rip ffffffff81013091 ffffffff81013091
Completed      16453000 cycles,        841659 commits:    298221 Hz,      7054 insns/sec: rip ffffffff81013091 ffffffff81013091
Completed      16514000 cycles,        842991 commits:    300708 Hz,      6566 insns/sec: rip ffffffff81013091 ffffffff81013091
Completed      16579000 cycles,        844323 commits:    323290 Hz,      6624 insns/sec: rip ffffffff81013091 ffffffff81013091
Completed      16635000 cycles,        845655 commits:    274613 Hz,      6531 insns/sec: rip ffffffff81013091 ffffffff81013091
Completed      16694000 cycles,        846876 commits:    292382 Hz,      6050 insns/sec: rip ffffffff81013091 ffffffff81013091
Completed      16755000 cycles,        848208 commits:    303863 Hz,      6635 insns/sec: rip ffffffff81013091 ffffffff81013091
Completed      16814000 cycles,        849540 commits:    292066 Hz,      6593 insns/sec: rip ffffffff81013091 ffffffff81013091
Completed      16874000 cycles,        850872 commits:    298123 Hz,      6618 insns/sec: rip ffffffff81013091 ffffffff81013091
Completed      16934000 cycles,        852093 commits:    298001 Hz,      6064 insns/sec: rip ffffffff81013091 ffffffff81013091
Completed      16993000 cycles,        853425 commits:    292802 Hz,      6610 insns/sec: rip ffffffff81013091 ffffffff81013091
Completed      17054000 cycles,        854757 commits:    302349 Hz,      6602 insns/sec: rip ffffffff81013091 ffffffff81013091
Completed      17112000 cycles,        856089 commits:    287373 Hz,      6599 insns/sec: rip ffffffff81013091 ffffffff81013091
Completed      17171000 cycles,        857421 commits:    289136 Hz,      6527 insns/sec: rip ffffffff81013091 ffffffff81013091
Completed      17234000 cycles,        858753 commits:    311878 Hz,      6594 insns/sec: rip ffffffff81013091 ffffffff81013091
Completed      17289000 cycles,        859974 commits:    273616 Hz,      6074 insns/sec: rip ffffffff81013091 ffffffff81013091
Completed      17329000 cycles,        860862 commits:    196167 Hz,      4354 insns/sec: rip ffffffff81013091 ffffffff81013091
Completed      17362000 cycles,        861528 commits:    164941 Hz,      3328 insns/sec: rip ffffffff81013091 ffffffff81013091
Completed      17401000 cycles,        862416 commits:    191553 Hz,      4361 insns/sec: rip ffffffff81013091 ffffffff81013091
Completed      17451000 cycles,        863526 commits:    242540 Hz,      5384 insns/sec: rip ffffffff81013091 ffffffff81013091
Completed      17501000 cycles,        864636 commits:    247580 Hz,      5496 insns/sec: rip ffffffff81013091 ffffffff81013091
Completed      17554000 cycles,        865746 commits:    263470 Hz,      5517 insns/sec: rip ffffffff81013091 ffffffff81013091
Completed      17612000 cycles,        867078 commits:    288563 Hz,      6627 insns/sec: rip ffffffff81013091 ffffffff81013091
Completed      17668000 cycles,        868299 commits:    276973 Hz,      6039 insns/sec: rip ffffffff81013091 ffffffff81013091
Completed      17725000 cycles,        869520 commits:    281559 Hz,      6031 insns/sec: rip ffffffff81013091 ffffffff81013091
Completed      17765000 cycles,        870408 commits:    196407 Hz,      4360 insns/sec: rip ffffffff81013091 ffffffff81013091
Completed      17796000 cycles,        871074 commits:    153812 Hz,      3304 insns/sec: rip ffffffff81013091 ffffffff81013091
Completed      17832000 cycles,        871851 commits:    177733 Hz,      3836 insns/sec: rip ffffffff81013091 ffffffff81013091
Completed      17881000 cycles,        872961 commits:    239640 Hz,      5428 insns/sec: rip ffffffff81013091 ffffffff81013091
Completed      17927000 cycles,        873960 commits:    229598 Hz,      4986 insns/sec: rip ffffffff81013091 ffffffff81013091
Completed      17956000 cycles,        874626 commits:    143880 Hz,      3304 insns/sec: rip ffffffff81013091 ffffffff81013091
Completed      17990000 cycles,        875403 commits:    168400 Hz,      3848 insns/sec: rip ffffffff81013091 ffffffff81013091
Completed      18032000 cycles,        876291 commits:    207583 Hz,      4388 insns/sec: rip ffffffff81013091 ffffffff81013091
Completed      18074000 cycles,        877179 commits:    207841 Hz,      4394 insns/sec: rip ffffffff81013091 ffffffff81013091
Completed      18100000 cycles,        877845 commits:    128321 Hz,      3287 insns/sec: rip ffffffff81013091 ffffffff81013091
Completed      18140000 cycles,        878622 commits:    198044 Hz,      3847 insns/sec: rip ffffffff81013091 ffffffff81013091
Completed      18191000 cycles,        879843 commits:    246390 Hz,      5898 insns/sec: rip ffffffff81013091 ffffffff81013091
Completed      18228000 cycles,        880618 commits:    182140 Hz,      3815 insns/sec: rip ffffffff81013091 ffffffff81013077
Completed      18269000 cycles,        881508 commits:    200552 Hz,      4353 insns/sec: rip ffffffff81013091 ffffffff81013091
Completed      18315000 cycles,        882507 commits:    226219 Hz,      4912 insns/sec: rip ffffffff81013091 ffffffff81013091
Completed      18360000 cycles,        883506 commits:    223075 Hz,      4952 insns/sec: rip ffffffff81013091 ffffffff81013091
Completed      18400000 cycles,        884394 commits:    199115 Hz,      4420 insns/sec: rip ffffffff81013091 ffffffff81013091
Completed      18443000 cycles,        885282 commits:    212208 Hz,      4382 insns/sec: rip ffffffff81013091 ffffffff81013091
Completed      18484000 cycles,        886281 commits:    196450 Hz,      4786 insns/sec: rip ffffffff81013091 ffffffff81013091
Completed      18521000 cycles,        887011 commits:    177876 Hz,      3509 insns/sec: rip ffffffff81013091 ffffffff8100a4a2
Completed      18562000 cycles,        887946 commits:    204443 Hz,      4662 insns/sec: rip ffffffff81013091 ffffffff81013091
Completed      18611000 cycles,        888945 commits:    239073 Hz,      4874 insns/sec: rip ffffffff81013091 ffffffff81013091
Completed      18667000 cycles,        890277 commits:    276824 Hz,      6584 insns/sec: rip ffffffff81013091 ffffffff81013091
Completed      18713000 cycles,        891272 commits:    227036 Hz,      4910 insns/sec: rip ffffffff81013091 ffffffff81013067
Completed      18766000 cycles,        892386 commits:    261926 Hz,      5505 insns/sec: rip ffffffff81013091 ffffffff81013091
Completed      18819000 cycles,        893607 commits:    263012 Hz,      6059 insns/sec: rip ffffffff81013091 ffffffff81013091
Completed      18871000 cycles,        894717 commits:    251714 Hz,      5373 insns/sec: rip ffffffff81013091 ffffffff81013091
Completed      18915000 cycles,        895610 commits:    219415 Hz,      4453 insns/sec: rip ffffffff81013091 ffffffff8101308b
Completed      18955000 cycles,        896493 commits:    197191 Hz,      4352 insns/sec: rip ffffffff81013091 ffffffff81013091
Completed      19001000 cycles,        897603 commits:    227804 Hz,      5497 insns/sec: rip ffffffff81013091 ffffffff81013091
Completed      19040000 cycles,        898491 commits:    190576 Hz,      4339 insns/sec: rip ffffffff81013091 ffffffff81013091
Completed      19079000 cycles,        899268 commits:    192433 Hz,      3833 insns/sec: rip ffffffff81013091 ffffffff81013091
Completed      19113000 cycles,        900045 commits:    168549 Hz,      3851 insns/sec: rip ffffffff81013091 ffffffff81013091
Completed      19145000 cycles,        900711 commits:    157526 Hz,      3278 insns/sec: rip ffffffff81013091 ffffffff81013091
Completed      19173000 cycles,        901377 commits:    139872 Hz,      3326 insns/sec: rip ffffffff81013091 ffffffff81013091
Completed      19204000 cycles,        902043 commits:    152027 Hz,      3266 insns/sec: rip ffffffff81013091 ffffffff81013091
Completed      19231000 cycles,        902598 commits:    134592 Hz,      2766 insns/sec: rip ffffffff81013091 ffffffff81013091
Completed      19267000 cycles,        903375 commits:    177585 Hz,      3832 insns/sec: rip ffffffff81013091 ffffffff81013091
Completed      19304000 cycles,        904263 commits:    183967 Hz,      4415 insns/sec: rip ffffffff81013091 ffffffff81013091
Completed      19338000 cycles,        904929 commits:    166515 Hz,      3261 insns/sec: rip ffffffff81013091 ffffffff81013091
Completed      19376000 cycles,        905817 commits:    186697 Hz,      4362 insns/sec: rip ffffffff81013091 ffffffff81013091
Completed      19424000 cycles,        906927 commits:    239523 Hz,      5538 insns/sec: rip ffffffff81013091 ffffffff81013091
Completed      19472000 cycles,        907926 commits:    238571 Hz,      4965 insns/sec: rip ffffffff81013091 ffffffff81013091
Completed      19510000 cycles,        908703 commits:    187336 Hz,      3830 insns/sec: rip ffffffff81013091 ffffffff81013091
Completed      19548000 cycles,        909591 commits:    189607 Hz,      4430 insns/sec: rip ffffffff81013091 ffffffff81013091
Completed      19591000 cycles,        910479 commits:    214349 Hz,      4426 insns/sec: rip ffffffff81013091 ffffffff81013091
Completed      19632000 cycles,        911367 commits:    202398 Hz,      4383 insns/sec: rip ffffffff81013091 ffffffff81013091
Completed      19677000 cycles,        912477 commits:    222334 Hz,      5484 insns/sec: rip ffffffff81013091 ffffffff81013091
Completed      19723000 cycles,        913365 commits:    229810 Hz,      4436 insns/sec: rip ffffffff81013091 ffffffff81013091
Completed      19778000 cycles,        914697 commits:    271774 Hz,      6581 insns/sec: rip ffffffff81013091 ffffffff81013091
Completed      19831000 cycles,        915807 commits:    260410 Hz,      5453 insns/sec: rip ffffffff81013091 ffffffff81013091
Completed      19887000 cycles,        917028 commits:    279824 Hz,      6101 insns/sec: rip ffffffff81013091 ffffffff81013091
Completed      19948000 cycles,        918360 commits:    302038 Hz,      6595 insns/sec: rip ffffffff81013091 ffffffff81013091
Completed      20000000 cycles,        919581 commits:    255938 Hz,      6009 insns/sec: rip ffffffff81013091 ffffffff81013091
Completed      20054000 cycles,        920691 commits:    268500 Hz,      5519 insns/sec: rip ffffffff81013091 ffffffff81013091
Completed      20110000 cycles,        921912 commits:    279851 Hz,      6101 insns/sec: rip ffffffff81013091 ffffffff81013091
Completed      20163000 cycles,        923133 commits:    262358 Hz,      6044 insns/sec: rip ffffffff81013091 ffffffff81013091
Completed      20225000 cycles,        924465 commits:    309880 Hz,      6657 insns/sec: rip ffffffff81013091 ffffffff81013091
Completed      20281000 cycles,        925686 commits:    279482 Hz,      6093 insns/sec: rip ffffffff81013091 ffffffff81013091
Completed      20340000 cycles,        927018 commits:    294101 Hz,      6639 insns/sec: rip ffffffff81013091 ffffffff81013091
Completed      20396000 cycles,        928239 commits:    276989 Hz,      6039 insns/sec: rip ffffffff81013091 ffffffff81013091
Completed      20455000 cycles,        929571 commits:    294726 Hz,      6653 insns/sec: rip ffffffff81013091 ffffffff81013091
Completed      20516000 cycles,        930903 commits:    298966 Hz,      6528 insns/sec: rip ffffffff81013091 ffffffff81013091
Completed      20571000 cycles,        932013 commits:    272255 Hz,      5494 insns/sec: rip ffffffff81013091 ffffffff81013091
Completed      20633000 cycles,        933456 commits:    305337 Hz,      7106 insns/sec: rip ffffffff81013091 ffffffff81013091
Completed      20691000 cycles,        934677 commits:    284651 Hz,      5992 insns/sec: rip ffffffff81013091 ffffffff81013091
Completed      20746000 cycles,        935898 commits:    273609 Hz,      6074 insns/sec: rip ffffffff81013091 ffffffff81013091
Completed      20788000 cycles,        936897 commits:    204072 Hz,      4854 insns/sec: rip ffffffff81013091 ffffffff81013091
Completed      20822000 cycles,        937563 commits:    166519 Hz,      3261 insns/sec: rip ffffffff81013091 ffffffff81013091
Completed      20854000 cycles,        938229 commits:    158160 Hz,      3291 insns/sec: rip ffffffff81013091 ffffffff81013091
Completed      20892000 cycles,        939117 commits:    188817 Hz,      4412 insns/sec: rip ffffffff81013091 ffffffff81013091
Completed      20931000 cycles,        940005 commits:    187503 Hz,      4269 insns/sec: rip ffffffff81013091 ffffffff81013091
Completed      20972000 cycles,        940893 commits:    203742 Hz,      4412 insns/sec: rip ffffffff81013091 ffffffff81013091
Completed      21017000 cycles,        941892 commits:    222513 Hz,      4939 insns/sec: rip ffffffff81013091 ffffffff81013091
Completed      21064000 cycles,        942891 commits:    233190 Hz,      4956 insns/sec: rip ffffffff81013091 ffffffff81013091
Completed      21113000 cycles,        944001 commits:    242781 Hz,      5499 insns/sec: rip ffffffff81013091 ffffffff81013091
Completed      21169000 cycles,        945222 commits:    272900 Hz,      5950 insns/sec: rip ffffffff81013091 ffffffff81013091
Completed      21212000 cycles,        946110 commits:    214569 Hz,      4431 insns/sec: rip ffffffff81013091 ffffffff81013091
Completed      21254000 cycles,        947109 commits:    209914 Hz,      4992 insns/sec: rip ffffffff81013091 ffffffff81013091
Completed      21310000 cycles,        948330 commits:    279018 Hz,      6083 insns/sec: rip ffffffff81013091 ffffffff81013091
Completed      21366000 cycles,        949551 commits:    278694 Hz,      6076 insns/sec: rip ffffffff81013091 ffffffff81013091
Completed      21426000 cycles,        950883 commits:    299451 Hz,      6647 insns/sec: rip ffffffff81013091 ffffffff81013091
Completed      21486000 cycles,        952215 commits:    293458 Hz,      6514 insns/sec: rip ffffffff81013091 ffffffff81013091
Completed      21535000 cycles,        953214 commits:    243951 Hz,      4973 insns/sec: rip ffffffff81013091 ffffffff81013091
Completed      21589000 cycles,        954435 commits:    266648 Hz,      6029 insns/sec: rip ffffffff81013091 ffffffff81013091
Completed      21641000 cycles,        955545 commits:    257425 Hz,      5495 insns/sec: rip ffffffff81013091 ffffffff81013091
Completed      21697000 cycles,        956766 commits:    279927 Hz,      6103 insns/sec: rip ffffffff81013091 ffffffff81013091
Completed      21756000 cycles,        958098 commits:    294166 Hz,      6641 insns/sec: rip ffffffff81013091 ffffffff81013091
Completed      21811000 cycles,        959319 commits:    267897 Hz,      5947 insns/sec: rip ffffffff81013091 ffffffff81013091
Completed      21863000 cycles,        960429 commits:    256956 Hz,      5485 insns/sec: rip ffffffff81013091 ffffffff81013091
Completed      21921000 cycles,        961761 commits:    280159 Hz,      6434 insns/sec: rip ffffffff81013091 ffffffff81013091
Completed      21963000 cycles,        962649 commits:    208420 Hz,      4406 insns/sec: rip ffffffff81013091 ffffffff81013091
Completed      22004000 cycles,        963537 commits:    203987 Hz,      4418 insns/sec: rip ffffffff81013091 ffffffff81013091
Completed      22050000 cycles,        964536 commits:    229097 Hz,      4975 insns/sec: rip ffffffff81013091 ffffffff81013091
Completed      22098000 cycles,        965646 commits:    235128 Hz,      5437 insns/sec: rip ffffffff81013091 ffffffff81013091
Completed      22144000 cycles,        966645 commits:    228726 Hz,      4967 insns/sec: rip ffffffff81013091 ffffffff81013091
Completed      22190000 cycles,        967644 commits:    228023 Hz,      4952 insns/sec: rip ffffffff81013091 ffffffff81013091
Completed      22231000 cycles,        968532 commits:    199369 Hz,      4318 insns/sec: rip ffffffff81013091 ffffffff81013091
Completed      22271000 cycles,        969420 commits:    194664 Hz,      4321 insns/sec: rip ffffffff81013091 ffffffff81013091
Completed      22312000 cycles,        970308 commits:    201623 Hz,      4366 insns/sec: rip ffffffff81013091 ffffffff81013091
Completed      22354000 cycles,        971196 commits:    206827 Hz,      4372 insns/sec: rip ffffffff81013091 ffffffff81013091
Completed      22401000 cycles,        972306 commits:    227924 Hz,      5382 insns/sec: rip ffffffff81013091 ffffffff81013091
Completed      22454000 cycles,        973416 commits:    262769 Hz,      5503 insns/sec: rip ffffffff81013091 ffffffff81013091
Completed      22509000 cycles,        974637 commits:    272693 Hz,      6053 insns/sec: rip ffffffff81013091 ffffffff81013091
Completed      22563000 cycles,        975858 commits:    266921 Hz,      6035 insns/sec: rip ffffffff81013091 ffffffff81013091
Completed      22611000 cycles,        976857 commits:    237197 Hz,      4936 insns/sec: rip ffffffff81013091 ffffffff81013091
Completed      22654000 cycles,        977856 commits:    213395 Hz,      4957 insns/sec: rip ffffffff81013091 ffffffff81013091
Completed      22705000 cycles,        978966 commits:    251418 Hz,      5472 insns/sec: rip ffffffff81013091 ffffffff81013091
Completed      22751000 cycles,        979965 commits:    222631 Hz,      4834 insns/sec: rip ffffffff81013091 ffffffff81013091
Completed      22795000 cycles,        980952 commits:    215812 Hz,      4841 insns/sec: rip ffffffff81013091 ffffffff8100a4b0
Completed      22842000 cycles,        981963 commits:    233623 Hz,      5025 insns/sec: rip ffffffff81013091 ffffffff81013091
Completed      22890000 cycles,        983073 commits:    235402 Hz,      5443 insns/sec: rip ffffffff81013091 ffffffff81013091
Completed      22928000 cycles,        983850 commits:    188005 Hz,      3844 insns/sec: rip ffffffff81013091 ffffffff81013091
Completed      22968000 cycles,        984738 commits:    197676 Hz,      4388 insns/sec: rip ffffffff81013091 ffffffff81013091
Completed      23012000 cycles,        985737 commits:    216915 Hz,      4924 insns/sec: rip ffffffff81013091 ffffffff81013091
Completed      23057000 cycles,        986625 commits:    222395 Hz,      4388 insns/sec: rip ffffffff81013091 ffffffff81013091
Completed      23101000 cycles,        987624 commits:    216263 Hz,      4910 insns/sec: rip ffffffff81013091 ffffffff81013091
Completed      23150000 cycles,        988734 commits:    243060 Hz,      5506 insns/sec: rip ffffffff81013091 ffffffff81013091
Completed      23203000 cycles,        989955 commits:    258817 Hz,      5962 insns/sec: rip ffffffff81013091 ffffffff81013091
Completed      23250000 cycles,        990954 commits:    231908 Hz,      4929 insns/sec: rip ffffffff81013091 ffffffff81013091
Completed      23302000 cycles,        992064 commits:    259903 Hz,      5547 insns/sec: rip ffffffff81013091 ffffffff81013091
Completed      23361000 cycles,        993396 commits:    289991 Hz,      6546 insns/sec: rip ffffffff81013091 ffffffff81013091
Completed      23402000 cycles,        994284 commits:    202145 Hz,      4378 insns/sec: rip ffffffff81013091 ffffffff81013091
Completed      23448000 cycles,        995283 commits:    228682 Hz,      4966 insns/sec: rip ffffffff81013091 ffffffff81013091
Completed      23499000 cycles,        996393 commits:    251869 Hz,      5481 insns/sec: rip ffffffff81013091 ffffffff81013091
Completed      23550000 cycles,        997503 commits:    254906 Hz,      5547 insns/sec: rip ffffffff81013091 ffffffff81013091
Completed      23595000 cycles,        998502 commits:    224123 Hz,      4975 insns/sec: rip ffffffff81013091 ffffffff81013091
Completed      23636000 cycles,        999390 commits:    201635 Hz,      4367 insns/sec: rip ffffffff81013091 ffffffff81013091
Stopping simulation loop at specified limits (23663916 cycles, 1000000 commits)

Stopped after 23663916 cycles, 1000000 instructions and 93 seconds of sim time (cycle/sec: 254450 Hz, insns/sec: 10752, insns/cyc: 0.0422584326279725)
Total Tags: nvmain_test_shared_l3,ubuntu.(none),2020-08-01,total
Stats Summary:
user.base_machine.ooo_0_0.thread0.commit.ipc = 0.26103
user.base_machine.ooo_1_1.thread0.commit.ipc = 0
kernel.base_machine.ooo_0_0.thread0.commit.ipc = 0.0234205
kernel.base_machine.ooo_1_1.thread0.commit.ipc = 0.0128722
total.base_machine.ooo_0_0.thread0.commit.ipc = 0.0293862
total.base_machine.ooo_1_1.thread0.commit.ipc = 0.0128722
